d:\documents\kuliah\semester 3\pbo\fp\fp_pbo\brasat\brasat\debug\vc140.pdb
d:\documents\kuliah\semester 3\pbo\fp\fp_pbo\brasat\brasat\debug\vc140.idb
d:\documents\kuliah\semester 3\pbo\fp\fp_pbo\brasat\brasat\debug\creditpanel.obj
d:\documents\kuliah\semester 3\pbo\fp\fp_pbo\brasat\brasat\debug\epilogpanel.obj
d:\documents\kuliah\semester 3\pbo\fp\fp_pbo\brasat\brasat\debug\gameobject.obj
d:\documents\kuliah\semester 3\pbo\fp\fp_pbo\brasat\brasat\debug\gamepanel.obj
d:\documents\kuliah\semester 3\pbo\fp\fp_pbo\brasat\brasat\debug\heartbroke.obj
d:\documents\kuliah\semester 3\pbo\fp\fp_pbo\brasat\brasat\debug\highscorepanel.obj
d:\documents\kuliah\semester 3\pbo\fp\fp_pbo\brasat\brasat\debug\homework.obj
d:\documents\kuliah\semester 3\pbo\fp\fp_pbo\brasat\brasat\debug\instructionpanel.obj
d:\documents\kuliah\semester 3\pbo\fp\fp_pbo\brasat\brasat\debug\laptop.obj
d:\documents\kuliah\semester 3\pbo\fp\fp_pbo\brasat\brasat\debug\main.obj
d:\documents\kuliah\semester 3\pbo\fp\fp_pbo\brasat\brasat\debug\mainpanel.obj
d:\documents\kuliah\semester 3\pbo\fp\fp_pbo\brasat\brasat\debug\man.obj
d:\documents\kuliah\semester 3\pbo\fp\fp_pbo\brasat\brasat\debug\multiframe.obj
d:\documents\kuliah\semester 3\pbo\fp\fp_pbo\brasat\brasat\debug\obstacle.obj
d:\documents\kuliah\semester 3\pbo\fp\fp_pbo\brasat\brasat\debug\pausepanel.obj
d:\documents\kuliah\semester 3\pbo\fp\fp_pbo\brasat\brasat\debug\townback.obj
d:\documents\kuliah\semester 3\pbo\fp\fp_pbo\brasat\brasat\debug\wallet.obj
d:\documents\kuliah\semester 3\pbo\fp\fp_pbo\brasat\debug\brasat.ilk
d:\documents\kuliah\semester 3\pbo\fp\fp_pbo\brasat\debug\brasat.exe
d:\documents\kuliah\semester 3\pbo\fp\fp_pbo\brasat\debug\brasat.pdb
e:\fp pbo\brasat\brasat\debug\creditpanel.obj
e:\fp pbo\brasat\brasat\debug\epilogpanel.obj
e:\fp pbo\brasat\brasat\debug\gameobject.obj
e:\fp pbo\brasat\brasat\debug\gamepanel.obj
e:\fp pbo\brasat\brasat\debug\heartbroke.obj
e:\fp pbo\brasat\brasat\debug\highscorepanel.obj
e:\fp pbo\brasat\brasat\debug\homework.obj
e:\fp pbo\brasat\brasat\debug\instructionpanel.obj
e:\fp pbo\brasat\brasat\debug\laptop.obj
e:\fp pbo\brasat\brasat\debug\main.obj
e:\fp pbo\brasat\brasat\debug\mainpanel.obj
e:\fp pbo\brasat\brasat\debug\man.obj
e:\fp pbo\brasat\brasat\debug\multiframe.obj
e:\fp pbo\brasat\brasat\debug\obstacle.obj
e:\fp pbo\brasat\brasat\debug\pausepanel.obj
e:\fp pbo\brasat\brasat\debug\townback.obj
e:\fp pbo\brasat\brasat\debug\wallet.obj
e:\fp pbo\brasat\brasat\debug\vc140.idb
e:\fp pbo\brasat\brasat\debug\vc140.pdb
e:\fp pbo\brasat\debug\brasat.pdb
e:\fp pbo\brasat\debug\brasat.exe
e:\fp pbo\brasat\debug\brasat.ilk
e:\fp pbo\brasat\brasat\debug\brasat.tlog\cl.command.1.tlog
e:\fp pbo\brasat\brasat\debug\brasat.tlog\cl.read.1.tlog
e:\fp pbo\brasat\brasat\debug\brasat.tlog\cl.write.1.tlog
e:\fp pbo\brasat\brasat\debug\brasat.tlog\link.command.1.tlog
e:\fp pbo\brasat\brasat\debug\brasat.tlog\link.read.1.tlog
e:\fp pbo\brasat\brasat\debug\brasat.tlog\link.write.1.tlog
